00:00:00:00:00:00:00:00
00 :
00:00:01:00:00:00:00:00
01 :
00:00:02:00:00:00:00:00
02 :
00:00:03:00:00:00:00:00
03 :
00:00:04:00:00:00:00:00
04 : a
00:00:05:00:00:00:00:00
05 : b
00:00:06:00:00:00:00:00
06 : c
00:00:07:00:00:00:00:00
07 : d
00:00:08:00:00:00:00:00
08 : e
00:00:09:00:00:00:00:00
09 : f
00:00:0a:00:00:00:00:00
0A : g
00:00:0b:00:00:00:00:00
0B : h
00:00:0c:00:00:00:00:00
0C : i
00:00:0d:00:00:00:00:00
0D : j
00:00:0e:00:00:00:00:00
0E : k
00:00:0f:00:00:00:00:00
0F : l
00:00:10:00:00:00:00:00
10 : m
00:00:11:00:00:00:00:00
11 : n
00:00:12:00:00:00:00:00
12 : o
00:00:13:00:00:00:00:00
13 : p
00:00:14:00:00:00:00:00
14 : q
00:00:15:00:00:00:00:00
15 : r
00:00:16:00:00:00:00:00
16 : s
00:00:17:00:00:00:00:00
17 : t
00:00:18:00:00:00:00:00
18 : u
00:00:19:00:00:00:00:00
19 : v
00:00:1a:00:00:00:00:00
1A : w
00:00:1b:00:00:00:00:00
1B : x
00:00:1c:00:00:00:00:00
1C : y
00:00:1d:00:00:00:00:00
1D : z
00:00:1e:00:00:00:00:00
1E : 1
00:00:1f:00:00:00:00:00
1F : 2
00:00:20:00:00:00:00:00
20 : 3
00:00:21:00:00:00:00:00
21 : 4
00:00:22:00:00:00:00:00
22 : 5
00:00:23:00:00:00:00:00
23 : 6
00:00:24:00:00:00:00:00
24 : 7
00:00:25:00:00:00:00:00
25 : 8
00:00:26:00:00:00:00:00
26 : 9
00:00:27:00:00:00:00:00
27 : 0
00:00:28:00:00:00:00:00
28 :
00:00:29:00:00:00:00:00
29 : esc
00:00:2a:00:00:00:00:00
2A : backspace
00:00:2b:00:00:00:00:00
2B : tab
00:00:2c:00:00:00:00:00
2C : space
00:00:2d:00:00:00:00:00
2D : -
00:00:2e:00:00:00:00:00
2E : =
00:00:2f:00:00:00:00:00
2F : [
00:00:30:00:00:00:00:00
30 : ]
00:00:31:00:00:00:00:00
31 : \\
00:00:32:00:00:00:00:00
32 : \\
00:00:33:00:00:00:00:00
33 : ;
00:00:34:00:00:00:00:00
34 : '
00:00:35:00:00:00:00:00
35 : `
00:00:36:00:00:00:00:00
36 : ,
00:00:37:00:00:00:00:00
37 : .
00:00:38:00:00:00:00:00
38 : /
00:00:39:00:00:00:00:00
39 : caps_lock
00:00:3a:00:00:00:00:00
3A : f1
00:00:3b:00:00:00:00:00
3B : f2
00:00:3c:00:00:00:00:00
3C : f3
00:00:3d:00:00:00:00:00
3D : f4
00:00:3e:00:00:00:00:00
3E : f5
00:00:3f:00:00:00:00:00
3F : f6
00:00:40:00:00:00:00:00
40 : f7
00:00:41:00:00:00:00:00
41 : f8
00:00:42:00:00:00:00:00
42 : f9
00:00:43:00:00:00:00:00
43 : f10
00:00:44:00:00:00:00:00
44 : f11
00:00:45:00:00:00:00:00
45 : f12
00:00:46:00:00:00:00:00
46 : f13
00:00:47:00:00:00:00:00
47 : bright_down
00:00:48:00:00:00:00:00
48 : bright_up
00:00:49:00:00:00:00:00
49 : help
00:00:4a:00:00:00:00:00
4A : home
00:00:4b:00:00:00:00:00
4B : page_up
00:00:4c:00:00:00:00:00
4C : delete
00:00:4d:00:00:00:00:00
4D : end
00:00:4e:00:00:00:00:00
4E : page_down
00:00:4f:00:00:00:00:00
4F : right_arrow
00:00:50:00:00:00:00:00
50 : left_arrow
00:00:51:00:00:00:00:00
51 : down_arrow
00:00:52:00:00:00:00:00
52 : up_arrow
00:00:53:00:00:00:00:00
53 : keypad_clear
00:00:54:00:00:00:00:00
54 : /
00:00:55:00:00:00:00:00
55 : *
00:00:56:00:00:00:00:00
56 :
00:00:57:00:00:00:00:00
57 : +
00:00:58:00:00:00:00:00
58 : keypad_enter
00:00:59:00:00:00:00:00
59 : keypad_1
00:00:5a:00:00:00:00:00
5A : keypad_2
00:00:5b:00:00:00:00:00
5B : keypad_3
00:00:5c:00:00:00:00:00
5C : keypad_4
00:00:5d:00:00:00:00:00
5D : keypad_5
00:00:5e:00:00:00:00:00
5E : keypad_6
00:00:5f:00:00:00:00:00
5F : keypad_7
00:00:60:00:00:00:00:00
60 : keypad_8
00:00:61:00:00:00:00:00
61 : keypad_9
00:00:62:00:00:00:00:00
62 : keypad_0
00:00:63:00:00:00:00:00
63 : keypad_.
00:00:64:00:00:00:00:00
64 : section_sign
00:00:65:00:00:00:00:00
65 :
00:00:66:00:00:00:00:00
66 :
00:00:67:00:00:00:00:00
67 : if(scancodes[i] != ""):keypad_=
00:00:68:00:00:00:00:00
68 : f13
00:00:69:00:00:00:00:00
69 :
00:00:6a:00:00:00:00:00
6A :
00:00:6b:00:00:00:00:00
6B : f16
00:00:6c:00:00:00:00:00
6C : f17
00:00:6d:00:00:00:00:00
6D : f18
00:00:6e:00:00:00:00:00
6E : f19
00:00:6f:00:00:00:00:00
6F : f20
00:00:70:00:00:00:00:00
70 :
00:00:71:00:00:00:00:00
71 :
00:00:72:00:00:00:00:00
72 :
00:00:73:00:00:00:00:00
73 :
00:00:74:00:00:00:00:00
74 :
00:00:75:00:00:00:00:00
75 :
00:00:76:00:00:00:00:00
76 :
00:00:77:00:00:00:00:00
77 :
00:00:78:00:00:00:00:00
78 :
00:00:79:00:00:00:00:00
79 :
00:00:7a:00:00:00:00:00
7A :
00:00:7b:00:00:00:00:00
7B :
00:00:7c:00:00:00:00:00
7C :
00:00:7d:00:00:00:00:00
7D :
00:00:7e:00:00:00:00:00
7E :
00:00:7f:00:00:00:00:00
7F : mute
b'0000800000000000'
80 : volume_up
b'0000810000000000'
81 : volume_down
b'0000820000000000'
82 :
b'0000830000000000'
83 :
b'0000840000000000'
84 :
b'0000850000000000'
85 :
b'0000860000000000'
86 :
b'0000870000000000'
87 :
b'0000880000000000'
88 :
b'0000890000000000'
89 :
b'00008a0000000000'
8A :
b'00008b0000000000'
8B :
b'00008c0000000000'
8C :
b'00008d0000000000'
8D :
b'00008e0000000000'
8E :
b'00008f0000000000'
8F :
b'0000900000000000'
90 :
b'0000910000000000'
91 :
b'0000920000000000'
92 :
b'0000930000000000'
93 :
b'0000940000000000'
94 :
b'0000950000000000'
95 :
b'0000960000000000'
96 :
b'0000970000000000'
97 :
b'0000980000000000'
98 :
b'0000990000000000'
99 :
b'00009a0000000000'
9A :
b'00009b0000000000'
9B :
b'00009c0000000000'
9C :
b'00009d0000000000'
9D :
b'00009e0000000000'
9E :
b'00009f0000000000'
9F :
b'0000a00000000000'
A0 :
b'0000a10000000000'
A1 :
b'0000a20000000000'
A2 :
b'0000a30000000000'
A3 :
b'0000a40000000000'
A4 :
b'0000a50000000000'
A5 :
b'0000a60000000000'
A6 :
b'0000a70000000000'
A7 :
b'0000a80000000000'
A8 :
b'0000a90000000000'
A9 :
b'0000aa0000000000'
AA :
b'0000ab0000000000'
AB :
b'0000ac0000000000'
AC :
b'0000ad0000000000'
AD :
b'0000ae0000000000'
AE :
b'0000af0000000000'
AF :
b'0000b00000000000'
B0 :
b'0000b10000000000'
B1 :
b'0000b20000000000'
B2 :
b'0000b30000000000'
B3 :
b'0000b40000000000'
B4 :
b'0000b50000000000'
B5 :
b'0000b60000000000'
B6 :
b'0000b70000000000'
B7 :
b'0000b80000000000'
B8 :
b'0000b90000000000'
B9 :
b'0000ba0000000000'
BA :
b'0000bb0000000000'
BB :
b'0000bc0000000000'
BC :
b'0000bd0000000000'
BD :
b'0000be0000000000'
BE :
b'0000bf0000000000'
BF :
b'0000c00000000000'
C0 :
b'0000c10000000000'
C1 :
b'0000c20000000000'
C2 :
b'0000c30000000000'
C3 :
b'0000c40000000000'
C4 :
b'0000c50000000000'
C5 :
b'0000c60000000000'
C6 :
b'0000c70000000000'
C7 :
b'0000c80000000000'
C8 :
b'0000c90000000000'
C9 :
b'0000ca0000000000'
CA :
b'0000cb0000000000'
CB :
b'0000cc0000000000'
CC :
b'0000cd0000000000'
CD :
b'0000ce0000000000'
CE :
b'0000cf0000000000'
CF :
b'0000d00000000000'
D0 :
b'0000d10000000000'
D1 :
b'0000d20000000000'
D2 :
b'0000d30000000000'
D3 :
b'0000d40000000000'
D4 :
b'0000d50000000000'
D5 :
b'0000d60000000000'
D6 :
b'0000d70000000000'
D7 :
b'0000d80000000000'
D8 :
b'0000d90000000000'
D9 :
b'0000da0000000000'
DA :
b'0000db0000000000'
DB :
b'0000dc0000000000'
DC :
b'0000dd0000000000'
DD :
b'0000de0000000000'
DE :
b'0000df0000000000'
DF :
b'0000e00000000000'
E0 :
b'0000e10000000000'
E1 :
b'0000e20000000000'
E2 :
b'0000e30000000000'
E3 :
b'0000e40000000000'
E4 :
b'0000e50000000000'
E5 :
b'0000e60000000000'
E6 :
b'0000e70000000000'
E7 :
b'0000e80000000000'
E8 :
b'0000e90000000000'
E9 :
b'0000ea0000000000'
EA :
b'0000eb0000000000'
EB :
b'0000ec0000000000'
EC :
b'0000ed0000000000'
ED :
b'0000ee0000000000'
EE :
b'0000ef0000000000'
EF :
b'0000f00000000000'
F0 :
b'0000f10000000000'
F1 :
b'0000f20000000000'
F2 :
b'0000f30000000000'
F3 :
b'0000f40000000000'
F4 :
b'0000f50000000000'
F5 :
b'0000f60000000000'
F6 :
b'0000f70000000000'
F7 :
b'0000f80000000000'
F8 :
b'0000f90000000000'
F9 :
b'0000fa0000000000'
FA :
b'0000fb0000000000'
FB :
b'0000fc0000000000'
FC :
b'0000fd0000000000'
FD :
b'0000fe0000000000'
FE :
b'0000ff0000000000'
FF : 
